<?xml version="1.0" encoding="UTF-8"?>
<!-- Generated by org.testng.reporters.JUnitReportReporter -->
<testsuite hostname="DESKTOP-OESOI1S" failures="0" tests="1" name="RunRegisterTest" time="28.511" errors="0" timestamp="2025-01-04T16:32:48 CET" skipped="0">
  <testcase classname="RunRegisterTest" name="runScenario" time="28.511"/>
</testsuite> <!-- RunRegisterTest -->
