<?xml version="1.0" encoding="UTF-8"?>
<!-- Generated by org.testng.reporters.JUnitReportReporter -->
<testsuite hostname="DESKTOP-OESOI1S" failures="0" tests="1" name="RunArtTest" time="20.903" errors="0" timestamp="2024-12-26T00:32:15 CET" skipped="0">
  <testcase classname="RunArtTest" name="runScenario" time="20.903"/>
</testsuite> <!-- RunArtTest -->
