<?xml version="1.0" encoding="UTF-8"?>
<!-- Generated by org.testng.reporters.JUnitReportReporter -->
<testsuite hostname="DESKTOP-OESOI1S" failures="0" tests="2" name="RunLoginTest" time="46.119" errors="0" timestamp="2025-01-04T16:39:17 CET" skipped="0">
  <testcase classname="RunLoginTest" name="runScenario" time="22.871"/>
  <testcase classname="RunLoginTest" name="runScenario" time="23.248"/>
</testsuite> <!-- RunLoginTest -->
