<?xml version="1.0" encoding="UTF-8"?>
<!-- Generated by org.testng.reporters.JUnitReportReporter -->
<testsuite hostname="DESKTOP-OESOI1S" failures="0" tests="2" name="RunClothesTest" time="47.739" errors="0" timestamp="2024-12-26T00:14:05 CET" skipped="0">
  <testcase classname="RunClothesTest" name="runScenario" time="23.836"/>
  <testcase classname="RunClothesTest" name="runScenario" time="23.903"/>
</testsuite> <!-- RunClothesTest -->
