<?xml version="1.0" encoding="UTF-8"?>
<!-- Generated by org.testng.reporters.JUnitReportReporter -->
<testsuite hostname="DESKTOP-OESOI1S" failures="0" tests="1" name="RunHeaderTest" time="11.908" errors="0" timestamp="2025-01-04T16:36:00 CET" skipped="0">
  <testcase classname="RunHeaderTest" name="runScenario" time="11.908"/>
</testsuite> <!-- RunHeaderTest -->
