<?xml version="1.0" encoding="UTF-8"?>
<!-- Generated by org.testng.reporters.JUnitReportReporter -->
<testsuite hostname="DESKTOP-OESOI1S" failures="0" tests="1" name="RunLogoutTest" time="34.643" errors="0" timestamp="2025-01-03T20:06:30 CET" skipped="0">
  <testcase classname="RunLogoutTest" name="runScenario" time="34.643"/>
</testsuite> <!-- RunLogoutTest -->
