<?xml version="1.0" encoding="UTF-8"?>
<!-- Generated by org.testng.reporters.JUnitReportReporter -->
<testsuite hostname="DESKTOP-OESOI1S" failures="0" tests="1" name="RunCarouselTest" time="26.708" errors="0" timestamp="2025-01-04T16:37:36 CET" skipped="0">
  <testcase classname="RunCarouselTest" name="runScenario" time="26.708"/>
</testsuite> <!-- RunCarouselTest -->
