<?xml version="1.0" encoding="UTF-8"?>
<!-- Generated by org.testng.reporters.JUnitReportReporter -->
<testsuite hostname="DESKTOP-OESOI1S" failures="0" tests="3" name="RunTShirtTest" time="37.939" errors="0" timestamp="2025-01-04T16:32:04 CET" skipped="0">
  <testcase classname="RunTShirtTest" name="runScenario" time="12.584"/>
  <testcase classname="RunTShirtTest" name="runScenario" time="12.851"/>
  <testcase classname="RunTShirtTest" name="runScenario" time="12.504"/>
</testsuite> <!-- RunTShirtTest -->
