<?xml version="1.0" encoding="UTF-8"?>
<!-- Generated by org.testng.reporters.JUnitReportReporter -->
<testsuite hostname="DESKTOP-OESOI1S" failures="0" tests="1" name="RunFooterTest" time="12.912" errors="0" timestamp="2025-01-04T16:36:23 CET" skipped="0">
  <testcase classname="RunFooterTest" name="runScenario" time="12.912"/>
</testsuite> <!-- RunFooterTest -->
