<?xml version="1.0" encoding="UTF-8"?>
<!-- Generated by org.testng.reporters.JUnitReportReporter -->
<testsuite hostname="DESKTOP-OESOI1S" failures="0" tests="2" name="RunLanguageTest" time="37.205" errors="0" timestamp="2025-01-04T16:41:33 CET" skipped="0">
  <testcase classname="RunLanguageTest" name="runScenario" time="18.562"/>
  <testcase classname="RunLanguageTest" name="runScenario" time="18.643"/>
</testsuite> <!-- RunLanguageTest -->
