<?xml version="1.0" encoding="UTF-8"?>
<!-- Generated by org.testng.reporters.JUnitReportReporter -->
<testsuite hostname="DESKTOP-OESOI1S" failures="0" tests="2" name="RunAccessoriesTest" time="48.679" errors="0" timestamp="2025-01-04T16:30:40 CET" skipped="0">
  <testcase classname="RunAccessoriesTest" name="runScenario" time="24.203"/>
  <testcase classname="RunAccessoriesTest" name="runScenario" time="24.476"/>
</testsuite> <!-- RunAccessoriesTest -->
