<?xml version="1.0" encoding="UTF-8"?>
<!-- Generated by org.testng.reporters.JUnitReportReporter -->
<testsuite hostname="DESKTOP-OESOI1S" failures="0" tests="3" name="RunTShirtTest" time="38.177" errors="0" timestamp="2024-12-15T19:09:03 CET" skipped="0">
  <testcase classname="RunTShirtTest" name="runScenario" time="12.529"/>
  <testcase classname="RunTShirtTest" name="runScenario" time="12.975"/>
  <testcase classname="RunTShirtTest" name="runScenario" time="12.673"/>
</testsuite> <!-- RunTShirtTest -->
