<?xml version="1.0" encoding="UTF-8"?>
<!-- Generated by org.testng.reporters.JUnitReportReporter -->
<testsuite hostname="DESKTOP-OESOI1S" failures="0" tests="2" name="RunLoginTest" time="46.076" errors="0" timestamp="2025-01-07T01:42:38 CET" skipped="0">
  <testcase classname="RunLoginTest" name="runScenario" time="23.223"/>
  <testcase classname="RunLoginTest" name="runScenario" time="22.853"/>
</testsuite> <!-- RunLoginTest -->
