<?xml version="1.0" encoding="UTF-8"?>
<!-- Generated by org.testng.reporters.JUnitReportReporter -->
<testsuite hostname="DESKTOP-OESOI1S" failures="0" tests="1" name="RunWishlistTest" time="41.123" errors="0" timestamp="2025-01-04T16:33:46 CET" skipped="0">
  <testcase classname="RunWishlistTest" name="runScenario" time="41.123"/>
</testsuite> <!-- RunWishlistTest -->
