<?xml version="1.0" encoding="UTF-8"?>
<!-- Generated by org.testng.reporters.JUnitReportReporter -->
<testsuite hostname="DESKTOP-OESOI1S" failures="0" tests="1" name="RunContactTest" time="20.041" errors="0" timestamp="2025-01-04T16:31:09 CET" skipped="0">
  <testcase classname="RunContactTest" name="runScenario" time="20.041"/>
</testsuite> <!-- RunContactTest -->
