<?xml version="1.0" encoding="UTF-8"?>
<!-- Generated by org.testng.reporters.JUnitReportReporter -->
<testsuite hostname="DESKTOP-OESOI1S" failures="0" tests="1" name="RunAddToCartTest" time="23.128" errors="0" timestamp="2025-01-04T16:35:03 CET" skipped="0">
  <testcase classname="RunAddToCartTest" name="runScenario" time="23.128"/>
</testsuite> <!-- RunAddToCartTest -->
