<?xml version="1.0" encoding="UTF-8"?>
<!-- Generated by org.testng.reporters.JUnitReportReporter -->
<testsuite hostname="DESKTOP-OESOI1S" failures="0" tests="1" name="RunNewsletterTest" time="19.035" errors="0" timestamp="2025-01-04T16:38:16 CET" skipped="0">
  <testcase classname="RunNewsletterTest" name="runScenario" time="19.035"/>
</testsuite> <!-- RunNewsletterTest -->
